c:\users\user100\documents\github\dvigengine2\build\dvigengine_v10_00.dir\debug\dvigengine_v10_00.pdb
c:\users\user100\documents\github\dvigengine2\build\dvigengine_v10_00.dir\debug\deviewer.obj
c:\users\user100\documents\github\dvigengine2\build\dvigengine_v10_00.dir\debug\detransform.obj
c:\users\user100\documents\github\dvigengine2\build\dvigengine_v10_00.dir\debug\deshader.obj
c:\users\user100\documents\github\dvigengine2\build\dvigengine_v10_00.dir\debug\derendertargetgroup.obj
c:\users\user100\documents\github\dvigengine2\build\dvigengine_v10_00.dir\debug\derenderingsystem.obj
c:\users\user100\documents\github\dvigengine2\build\dvigengine_v10_00.dir\debug\degeometry.obj
c:\users\user100\documents\github\dvigengine2\build\dvigengine_v10_00.dir\debug\ded3d11.obj
c:\users\user100\documents\github\dvigengine2\build\dvigengine_v10_00.dir\debug\deiwindow.obj
c:\users\user100\documents\github\dvigengine2\build\dvigengine_v10_00.dir\debug\destringsystem.obj
c:\users\user100\documents\github\dvigengine2\build\dvigengine_v10_00.dir\debug\deinode.obj
c:\users\user100\documents\github\dvigengine2\build\dvigengine_v10_00.dir\debug\dehashedcollection.obj
c:\users\user100\documents\github\dvigengine2\build\dvigengine_v10_00.dir\debug\dedebug.obj
c:\users\user100\documents\github\dvigengine2\build\dvigengine_v10_00.dir\debug\deengine.obj
c:\users\user100\documents\github\dvigengine2\build\dvigengine_v10_00.dir\debug\decollection.obj
c:\users\user100\documents\github\dvigengine2\build\dvigengine_v10_00.dir\debug\deapplication.obj
c:\users\user100\documents\github\dvigengine2\build\cmakefiles\generate.stamp
c:\users\user100\documents\github\dvigengine2\build\debug\dvigengine_v10_00.lib
c:\users\user100\documents\github\dvigengine2\build\debug\dvigengine_v10_00.pdb
c:\users\user100\documents\github\dvigengine2\build\dvigengine_v10_00.dir\debug\dvigengi.d9695293.tlog\cl.command.1.tlog
c:\users\user100\documents\github\dvigengine2\build\dvigengine_v10_00.dir\debug\dvigengi.d9695293.tlog\cl.read.1.tlog
c:\users\user100\documents\github\dvigengine2\build\dvigengine_v10_00.dir\debug\dvigengi.d9695293.tlog\cl.write.1.tlog
c:\users\user100\documents\github\dvigengine2\build\dvigengine_v10_00.dir\debug\dvigengi.d9695293.tlog\custombuild.command.1.tlog
c:\users\user100\documents\github\dvigengine2\build\dvigengine_v10_00.dir\debug\dvigengi.d9695293.tlog\custombuild.read.1.tlog
c:\users\user100\documents\github\dvigengine2\build\dvigengine_v10_00.dir\debug\dvigengi.d9695293.tlog\custombuild.write.1.tlog
c:\users\user100\documents\github\dvigengine2\build\dvigengine_v10_00.dir\debug\dvigengi.d9695293.tlog\lib-link.read.1.tlog
c:\users\user100\documents\github\dvigengine2\build\dvigengine_v10_00.dir\debug\dvigengi.d9695293.tlog\lib-link.write.1.tlog
c:\users\user100\documents\github\dvigengine2\build\dvigengine_v10_00.dir\debug\dvigengi.d9695293.tlog\lib.command.1.tlog
